mode: set
github.com/JohanDevl/Export_Trakt_4_Letterboxd/cmd/export_trakt/main.go:15.13,26.16 6 0
github.com/JohanDevl/Export_Trakt_4_Letterboxd/cmd/export_trakt/main.go:26.16,29.3 2 0
github.com/JohanDevl/Export_Trakt_4_Letterboxd/cmd/export_trakt/main.go:32.2,33.28 2 0
github.com/JohanDevl/Export_Trakt_4_Letterboxd/cmd/export_trakt/main.go:33.28,34.58 1 0
github.com/JohanDevl/Export_Trakt_4_Letterboxd/cmd/export_trakt/main.go:34.58,37.4 2 0
github.com/JohanDevl/Export_Trakt_4_Letterboxd/cmd/export_trakt/main.go:41.2,42.16 2 0
github.com/JohanDevl/Export_Trakt_4_Letterboxd/cmd/export_trakt/main.go:42.16,45.3 2 0
github.com/JohanDevl/Export_Trakt_4_Letterboxd/cmd/export_trakt/main.go:48.2,59.16 7 0
github.com/JohanDevl/Export_Trakt_4_Letterboxd/cmd/export_trakt/main.go:59.16,62.3 2 0
github.com/JohanDevl/Export_Trakt_4_Letterboxd/cmd/export_trakt/main.go:64.2,71.64 4 0
github.com/JohanDevl/Export_Trakt_4_Letterboxd/cmd/export_trakt/main.go:71.64,74.3 2 0
github.com/JohanDevl/Export_Trakt_4_Letterboxd/cmd/export_trakt/main.go:76.2,76.59 1 0
github.com/JohanDevl/Export_Trakt_4_Letterboxd/pkg/logger/logger.go:36.25,47.2 5 1
github.com/JohanDevl/Export_Trakt_4_Letterboxd/pkg/logger/logger.go:50.54,52.2 1 1
github.com/JohanDevl/Export_Trakt_4_Letterboxd/pkg/logger/logger.go:55.90,56.25 1 1
github.com/JohanDevl/Export_Trakt_4_Letterboxd/pkg/logger/logger.go:56.25,58.3 1 1
github.com/JohanDevl/Export_Trakt_4_Letterboxd/pkg/logger/logger.go:59.2,59.18 1 1
github.com/JohanDevl/Export_Trakt_4_Letterboxd/pkg/logger/logger.go:63.81,65.19 2 1
github.com/JohanDevl/Export_Trakt_4_Letterboxd/pkg/logger/logger.go:65.19,67.3 1 1
github.com/JohanDevl/Export_Trakt_4_Letterboxd/pkg/logger/logger.go:68.2,68.53 1 1
github.com/JohanDevl/Export_Trakt_4_Letterboxd/pkg/logger/logger.go:72.79,74.2 1 0
github.com/JohanDevl/Export_Trakt_4_Letterboxd/pkg/logger/logger.go:77.82,79.19 2 1
github.com/JohanDevl/Export_Trakt_4_Letterboxd/pkg/logger/logger.go:79.19,81.3 1 1
github.com/JohanDevl/Export_Trakt_4_Letterboxd/pkg/logger/logger.go:82.2,82.54 1 1
github.com/JohanDevl/Export_Trakt_4_Letterboxd/pkg/logger/logger.go:86.80,88.2 1 0
github.com/JohanDevl/Export_Trakt_4_Letterboxd/pkg/logger/logger.go:91.81,93.19 2 1
github.com/JohanDevl/Export_Trakt_4_Letterboxd/pkg/logger/logger.go:93.19,95.3 1 1
github.com/JohanDevl/Export_Trakt_4_Letterboxd/pkg/logger/logger.go:96.2,96.53 1 1
github.com/JohanDevl/Export_Trakt_4_Letterboxd/pkg/logger/logger.go:100.79,102.2 1 0
github.com/JohanDevl/Export_Trakt_4_Letterboxd/pkg/logger/logger.go:105.82,107.19 2 1
github.com/JohanDevl/Export_Trakt_4_Letterboxd/pkg/logger/logger.go:107.19,109.3 1 1
github.com/JohanDevl/Export_Trakt_4_Letterboxd/pkg/logger/logger.go:110.2,110.54 1 1
github.com/JohanDevl/Export_Trakt_4_Letterboxd/pkg/logger/logger.go:114.80,116.2 1 0
github.com/JohanDevl/Export_Trakt_4_Letterboxd/pkg/logger/logger.go:119.52,120.15 1 1
github.com/JohanDevl/Export_Trakt_4_Letterboxd/pkg/logger/logger.go:121.15,122.32 1 1
github.com/JohanDevl/Export_Trakt_4_Letterboxd/pkg/logger/logger.go:123.14,124.31 1 1
github.com/JohanDevl/Export_Trakt_4_Letterboxd/pkg/logger/logger.go:125.14,126.31 1 1
github.com/JohanDevl/Export_Trakt_4_Letterboxd/pkg/logger/logger.go:127.15,128.32 1 1
github.com/JohanDevl/Export_Trakt_4_Letterboxd/pkg/logger/logger.go:129.10,130.31 1 1
github.com/JohanDevl/Export_Trakt_4_Letterboxd/pkg/logger/logger.go:135.56,137.16 2 1
github.com/JohanDevl/Export_Trakt_4_Letterboxd/pkg/logger/logger.go:137.16,139.3 1 1
github.com/JohanDevl/Export_Trakt_4_Letterboxd/pkg/logger/logger.go:140.2,141.12 2 1
github.com/JohanDevl/Export_Trakt_4_Letterboxd/pkg/export/letterboxd.go:23.87,28.2 1 1
github.com/JohanDevl/Export_Trakt_4_Letterboxd/pkg/export/letterboxd.go:31.69,32.73 1 1
github.com/JohanDevl/Export_Trakt_4_Letterboxd/pkg/export/letterboxd.go:32.73,37.3 2 1
github.com/JohanDevl/Export_Trakt_4_Letterboxd/pkg/export/letterboxd.go:39.2,43.16 4 1
github.com/JohanDevl/Export_Trakt_4_Letterboxd/pkg/export/letterboxd.go:43.16,48.3 2 0
github.com/JohanDevl/Export_Trakt_4_Letterboxd/pkg/export/letterboxd.go:49.2,56.45 5 1
github.com/JohanDevl/Export_Trakt_4_Letterboxd/pkg/export/letterboxd.go:56.45,58.3 1 0
github.com/JohanDevl/Export_Trakt_4_Letterboxd/pkg/export/letterboxd.go:61.2,61.31 1 1
github.com/JohanDevl/Export_Trakt_4_Letterboxd/pkg/export/letterboxd.go:61.31,64.32 2 1
github.com/JohanDevl/Export_Trakt_4_Letterboxd/pkg/export/letterboxd.go:64.32,65.84 1 1
github.com/JohanDevl/Export_Trakt_4_Letterboxd/pkg/export/letterboxd.go:65.84,67.5 1 1
github.com/JohanDevl/Export_Trakt_4_Letterboxd/pkg/export/letterboxd.go:70.3,78.46 2 1
github.com/JohanDevl/Export_Trakt_4_Letterboxd/pkg/export/letterboxd.go:78.46,80.4 1 0
github.com/JohanDevl/Export_Trakt_4_Letterboxd/pkg/export/letterboxd.go:83.2,87.12 2 1
github.com/JohanDevl/Export_Trakt_4_Letterboxd/pkg/config/config.go:50.47,52.58 2 1
github.com/JohanDevl/Export_Trakt_4_Letterboxd/pkg/config/config.go:52.58,54.3 1 1
github.com/JohanDevl/Export_Trakt_4_Letterboxd/pkg/config/config.go:56.2,56.42 1 1
github.com/JohanDevl/Export_Trakt_4_Letterboxd/pkg/config/config.go:56.42,58.3 1 1
github.com/JohanDevl/Export_Trakt_4_Letterboxd/pkg/config/config.go:60.2,60.21 1 1
github.com/JohanDevl/Export_Trakt_4_Letterboxd/pkg/config/config.go:64.35,65.43 1 1
github.com/JohanDevl/Export_Trakt_4_Letterboxd/pkg/config/config.go:65.43,67.3 1 1
github.com/JohanDevl/Export_Trakt_4_Letterboxd/pkg/config/config.go:69.2,69.48 1 1
github.com/JohanDevl/Export_Trakt_4_Letterboxd/pkg/config/config.go:69.48,71.3 1 1
github.com/JohanDevl/Export_Trakt_4_Letterboxd/pkg/config/config.go:73.2,73.44 1 1
github.com/JohanDevl/Export_Trakt_4_Letterboxd/pkg/config/config.go:73.44,75.3 1 0
github.com/JohanDevl/Export_Trakt_4_Letterboxd/pkg/config/config.go:77.2,77.45 1 1
github.com/JohanDevl/Export_Trakt_4_Letterboxd/pkg/config/config.go:77.45,79.3 1 1
github.com/JohanDevl/Export_Trakt_4_Letterboxd/pkg/config/config.go:81.2,81.42 1 1
github.com/JohanDevl/Export_Trakt_4_Letterboxd/pkg/config/config.go:81.42,83.3 1 1
github.com/JohanDevl/Export_Trakt_4_Letterboxd/pkg/config/config.go:85.2,85.12 1 1
github.com/JohanDevl/Export_Trakt_4_Letterboxd/pkg/config/config.go:89.40,90.24 1 1
github.com/JohanDevl/Export_Trakt_4_Letterboxd/pkg/config/config.go:90.24,92.3 1 1
github.com/JohanDevl/Export_Trakt_4_Letterboxd/pkg/config/config.go:93.2,93.12 1 1
github.com/JohanDevl/Export_Trakt_4_Letterboxd/pkg/config/config.go:97.45,98.23 1 1
github.com/JohanDevl/Export_Trakt_4_Letterboxd/pkg/config/config.go:98.23,100.3 1 1
github.com/JohanDevl/Export_Trakt_4_Letterboxd/pkg/config/config.go:101.2,101.12 1 1
github.com/JohanDevl/Export_Trakt_4_Letterboxd/pkg/config/config.go:105.41,106.20 1 1
github.com/JohanDevl/Export_Trakt_4_Letterboxd/pkg/config/config.go:106.20,108.3 1 0
github.com/JohanDevl/Export_Trakt_4_Letterboxd/pkg/config/config.go:109.2,109.24 1 1
github.com/JohanDevl/Export_Trakt_4_Letterboxd/pkg/config/config.go:109.24,111.3 1 0
github.com/JohanDevl/Export_Trakt_4_Letterboxd/pkg/config/config.go:112.2,112.12 1 1
github.com/JohanDevl/Export_Trakt_4_Letterboxd/pkg/config/config.go:116.42,117.19 1 1
github.com/JohanDevl/Export_Trakt_4_Letterboxd/pkg/config/config.go:117.19,119.3 1 0
github.com/JohanDevl/Export_Trakt_4_Letterboxd/pkg/config/config.go:120.2,126.27 2 1
github.com/JohanDevl/Export_Trakt_4_Letterboxd/pkg/config/config.go:126.27,128.3 1 1
github.com/JohanDevl/Export_Trakt_4_Letterboxd/pkg/config/config.go:129.2,129.12 1 1
github.com/JohanDevl/Export_Trakt_4_Letterboxd/pkg/config/config.go:133.39,134.29 1 1
github.com/JohanDevl/Export_Trakt_4_Letterboxd/pkg/config/config.go:134.29,136.3 1 0
github.com/JohanDevl/Export_Trakt_4_Letterboxd/pkg/config/config.go:137.2,137.22 1 1
github.com/JohanDevl/Export_Trakt_4_Letterboxd/pkg/config/config.go:137.22,139.3 1 1
github.com/JohanDevl/Export_Trakt_4_Letterboxd/pkg/config/config.go:140.2,140.24 1 1
github.com/JohanDevl/Export_Trakt_4_Letterboxd/pkg/config/config.go:140.24,142.3 1 0
github.com/JohanDevl/Export_Trakt_4_Letterboxd/pkg/config/config.go:143.2,143.12 1 1
github.com/JohanDevl/Export_Trakt_4_Letterboxd/pkg/i18n/i18n.go:24.84,34.45 4 1
github.com/JohanDevl/Export_Trakt_4_Letterboxd/pkg/i18n/i18n.go:34.45,36.3 1 1
github.com/JohanDevl/Export_Trakt_4_Letterboxd/pkg/i18n/i18n.go:38.2,39.15 2 1
github.com/JohanDevl/Export_Trakt_4_Letterboxd/pkg/i18n/i18n.go:43.47,45.16 2 1
github.com/JohanDevl/Export_Trakt_4_Letterboxd/pkg/i18n/i18n.go:45.16,47.3 1 1
github.com/JohanDevl/Export_Trakt_4_Letterboxd/pkg/i18n/i18n.go:49.2,49.32 1 1
github.com/JohanDevl/Export_Trakt_4_Letterboxd/pkg/i18n/i18n.go:49.32,50.20 1 1
github.com/JohanDevl/Export_Trakt_4_Letterboxd/pkg/i18n/i18n.go:50.20,51.12 1 0
github.com/JohanDevl/Export_Trakt_4_Letterboxd/pkg/i18n/i18n.go:54.3,54.44 1 1
github.com/JohanDevl/Export_Trakt_4_Letterboxd/pkg/i18n/i18n.go:54.44,55.12 1 0
github.com/JohanDevl/Export_Trakt_4_Letterboxd/pkg/i18n/i18n.go:58.3,59.59 2 1
github.com/JohanDevl/Export_Trakt_4_Letterboxd/pkg/i18n/i18n.go:59.59,64.12 2 0
github.com/JohanDevl/Export_Trakt_4_Letterboxd/pkg/i18n/i18n.go:67.3,69.5 1 1
github.com/JohanDevl/Export_Trakt_4_Letterboxd/pkg/i18n/i18n.go:72.2,72.12 1 1
github.com/JohanDevl/Export_Trakt_4_Letterboxd/pkg/i18n/i18n.go:76.94,86.16 3 1
github.com/JohanDevl/Export_Trakt_4_Letterboxd/pkg/i18n/i18n.go:86.16,92.3 2 1
github.com/JohanDevl/Export_Trakt_4_Letterboxd/pkg/i18n/i18n.go:94.2,94.20 1 1
github.com/JohanDevl/Export_Trakt_4_Letterboxd/pkg/i18n/i18n.go:98.47,104.2 3 1
github.com/JohanDevl/Export_Trakt_4_Letterboxd/pkg/api/trakt.go:48.63,56.2 1 1
github.com/JohanDevl/Export_Trakt_4_Letterboxd/pkg/api/trakt.go:59.73,61.52 2 1
github.com/JohanDevl/Export_Trakt_4_Letterboxd/pkg/api/trakt.go:61.52,62.18 1 1
github.com/JohanDevl/Export_Trakt_4_Letterboxd/pkg/api/trakt.go:62.18,68.4 2 1
github.com/JohanDevl/Export_Trakt_4_Letterboxd/pkg/api/trakt.go:70.3,71.17 2 1
github.com/JohanDevl/Export_Trakt_4_Letterboxd/pkg/api/trakt.go:71.17,73.12 2 0
github.com/JohanDevl/Export_Trakt_4_Letterboxd/pkg/api/trakt.go:77.3,77.29 1 1
github.com/JohanDevl/Export_Trakt_4_Letterboxd/pkg/api/trakt.go:77.29,80.12 3 1
github.com/JohanDevl/Export_Trakt_4_Letterboxd/pkg/api/trakt.go:83.3,83.19 1 1
github.com/JohanDevl/Export_Trakt_4_Letterboxd/pkg/api/trakt.go:86.2,86.61 1 0
github.com/JohanDevl/Export_Trakt_4_Letterboxd/pkg/api/trakt.go:90.54,92.16 2 1
github.com/JohanDevl/Export_Trakt_4_Letterboxd/pkg/api/trakt.go:92.16,97.3 2 0
github.com/JohanDevl/Export_Trakt_4_Letterboxd/pkg/api/trakt.go:100.2,106.16 6 1
github.com/JohanDevl/Export_Trakt_4_Letterboxd/pkg/api/trakt.go:106.16,111.3 2 0
github.com/JohanDevl/Export_Trakt_4_Letterboxd/pkg/api/trakt.go:112.2,115.68 2 1
github.com/JohanDevl/Export_Trakt_4_Letterboxd/pkg/api/trakt.go:115.68,117.22 2 1
github.com/JohanDevl/Export_Trakt_4_Letterboxd/pkg/api/trakt.go:117.22,121.4 1 0
github.com/JohanDevl/Export_Trakt_4_Letterboxd/pkg/api/trakt.go:125.2,125.38 1 1
github.com/JohanDevl/Export_Trakt_4_Letterboxd/pkg/api/trakt.go:125.38,127.71 2 1
github.com/JohanDevl/Export_Trakt_4_Letterboxd/pkg/api/trakt.go:127.71,129.4 1 0
github.com/JohanDevl/Export_Trakt_4_Letterboxd/pkg/api/trakt.go:130.3,134.103 2 1
github.com/JohanDevl/Export_Trakt_4_Letterboxd/pkg/api/trakt.go:138.2,139.67 2 1
github.com/JohanDevl/Export_Trakt_4_Letterboxd/pkg/api/trakt.go:139.67,144.3 2 0
github.com/JohanDevl/Export_Trakt_4_Letterboxd/pkg/api/trakt.go:146.2,146.20 1 1
