mode: set
github.com/JohanDevl/Export_Trakt_4_Letterboxd/pkg/config/config.go:59.47,61.58 2 1
github.com/JohanDevl/Export_Trakt_4_Letterboxd/pkg/config/config.go:61.58,63.3 1 1
github.com/JohanDevl/Export_Trakt_4_Letterboxd/pkg/config/config.go:65.2,65.42 1 1
github.com/JohanDevl/Export_Trakt_4_Letterboxd/pkg/config/config.go:65.42,67.3 1 1
github.com/JohanDevl/Export_Trakt_4_Letterboxd/pkg/config/config.go:69.2,69.21 1 1
github.com/JohanDevl/Export_Trakt_4_Letterboxd/pkg/config/config.go:73.35,74.43 1 1
github.com/JohanDevl/Export_Trakt_4_Letterboxd/pkg/config/config.go:74.43,76.3 1 1
github.com/JohanDevl/Export_Trakt_4_Letterboxd/pkg/config/config.go:78.2,78.48 1 1
github.com/JohanDevl/Export_Trakt_4_Letterboxd/pkg/config/config.go:78.48,80.3 1 1
github.com/JohanDevl/Export_Trakt_4_Letterboxd/pkg/config/config.go:82.2,82.44 1 1
github.com/JohanDevl/Export_Trakt_4_Letterboxd/pkg/config/config.go:82.44,84.3 1 0
github.com/JohanDevl/Export_Trakt_4_Letterboxd/pkg/config/config.go:86.2,86.45 1 1
github.com/JohanDevl/Export_Trakt_4_Letterboxd/pkg/config/config.go:86.45,88.3 1 1
github.com/JohanDevl/Export_Trakt_4_Letterboxd/pkg/config/config.go:90.2,90.42 1 1
github.com/JohanDevl/Export_Trakt_4_Letterboxd/pkg/config/config.go:90.42,92.3 1 1
github.com/JohanDevl/Export_Trakt_4_Letterboxd/pkg/config/config.go:94.2,94.12 1 1
github.com/JohanDevl/Export_Trakt_4_Letterboxd/pkg/config/config.go:98.40,99.24 1 1
github.com/JohanDevl/Export_Trakt_4_Letterboxd/pkg/config/config.go:99.24,101.3 1 1
github.com/JohanDevl/Export_Trakt_4_Letterboxd/pkg/config/config.go:102.2,102.12 1 1
github.com/JohanDevl/Export_Trakt_4_Letterboxd/pkg/config/config.go:106.45,107.23 1 1
github.com/JohanDevl/Export_Trakt_4_Letterboxd/pkg/config/config.go:107.23,109.3 1 1
github.com/JohanDevl/Export_Trakt_4_Letterboxd/pkg/config/config.go:110.2,110.12 1 1
github.com/JohanDevl/Export_Trakt_4_Letterboxd/pkg/config/config.go:114.41,115.20 1 1
github.com/JohanDevl/Export_Trakt_4_Letterboxd/pkg/config/config.go:115.20,117.3 1 0
github.com/JohanDevl/Export_Trakt_4_Letterboxd/pkg/config/config.go:118.2,118.24 1 1
github.com/JohanDevl/Export_Trakt_4_Letterboxd/pkg/config/config.go:118.24,120.3 1 0
github.com/JohanDevl/Export_Trakt_4_Letterboxd/pkg/config/config.go:122.2,122.12 1 1
github.com/JohanDevl/Export_Trakt_4_Letterboxd/pkg/config/config.go:126.42,127.19 1 1
github.com/JohanDevl/Export_Trakt_4_Letterboxd/pkg/config/config.go:127.19,129.3 1 0
github.com/JohanDevl/Export_Trakt_4_Letterboxd/pkg/config/config.go:130.2,136.27 2 1
github.com/JohanDevl/Export_Trakt_4_Letterboxd/pkg/config/config.go:136.27,138.3 1 1
github.com/JohanDevl/Export_Trakt_4_Letterboxd/pkg/config/config.go:139.2,139.12 1 1
github.com/JohanDevl/Export_Trakt_4_Letterboxd/pkg/config/config.go:143.39,144.29 1 1
github.com/JohanDevl/Export_Trakt_4_Letterboxd/pkg/config/config.go:144.29,146.3 1 0
github.com/JohanDevl/Export_Trakt_4_Letterboxd/pkg/config/config.go:147.2,147.22 1 1
github.com/JohanDevl/Export_Trakt_4_Letterboxd/pkg/config/config.go:147.22,149.3 1 1
github.com/JohanDevl/Export_Trakt_4_Letterboxd/pkg/config/config.go:150.2,150.24 1 1
github.com/JohanDevl/Export_Trakt_4_Letterboxd/pkg/config/config.go:150.24,152.3 1 0
github.com/JohanDevl/Export_Trakt_4_Letterboxd/pkg/config/config.go:153.2,153.12 1 1
github.com/JohanDevl/Export_Trakt_4_Letterboxd/pkg/logger/logger.go:36.25,47.2 5 1
github.com/JohanDevl/Export_Trakt_4_Letterboxd/pkg/logger/logger.go:50.54,52.2 1 1
github.com/JohanDevl/Export_Trakt_4_Letterboxd/pkg/logger/logger.go:55.90,57.25 1 1
github.com/JohanDevl/Export_Trakt_4_Letterboxd/pkg/logger/logger.go:57.25,59.3 1 1
github.com/JohanDevl/Export_Trakt_4_Letterboxd/pkg/logger/logger.go:62.2,62.65 1 1
github.com/JohanDevl/Export_Trakt_4_Letterboxd/pkg/logger/logger.go:62.65,64.3 1 0
github.com/JohanDevl/Export_Trakt_4_Letterboxd/pkg/logger/logger.go:67.2,67.17 1 1
github.com/JohanDevl/Export_Trakt_4_Letterboxd/pkg/logger/logger.go:67.17,69.3 1 1
github.com/JohanDevl/Export_Trakt_4_Letterboxd/pkg/logger/logger.go:71.2,71.48 1 1
github.com/JohanDevl/Export_Trakt_4_Letterboxd/pkg/logger/logger.go:75.81,77.19 2 1
github.com/JohanDevl/Export_Trakt_4_Letterboxd/pkg/logger/logger.go:77.19,79.3 1 1
github.com/JohanDevl/Export_Trakt_4_Letterboxd/pkg/logger/logger.go:80.2,80.53 1 1
github.com/JohanDevl/Export_Trakt_4_Letterboxd/pkg/logger/logger.go:84.79,86.2 1 1
github.com/JohanDevl/Export_Trakt_4_Letterboxd/pkg/logger/logger.go:89.82,91.19 2 1
github.com/JohanDevl/Export_Trakt_4_Letterboxd/pkg/logger/logger.go:91.19,93.3 1 1
github.com/JohanDevl/Export_Trakt_4_Letterboxd/pkg/logger/logger.go:94.2,94.54 1 1
github.com/JohanDevl/Export_Trakt_4_Letterboxd/pkg/logger/logger.go:98.80,100.2 1 1
github.com/JohanDevl/Export_Trakt_4_Letterboxd/pkg/logger/logger.go:103.81,105.19 2 1
github.com/JohanDevl/Export_Trakt_4_Letterboxd/pkg/logger/logger.go:105.19,107.3 1 1
github.com/JohanDevl/Export_Trakt_4_Letterboxd/pkg/logger/logger.go:108.2,108.53 1 1
github.com/JohanDevl/Export_Trakt_4_Letterboxd/pkg/logger/logger.go:112.79,114.2 1 1
github.com/JohanDevl/Export_Trakt_4_Letterboxd/pkg/logger/logger.go:117.82,119.19 2 1
github.com/JohanDevl/Export_Trakt_4_Letterboxd/pkg/logger/logger.go:119.19,121.3 1 1
github.com/JohanDevl/Export_Trakt_4_Letterboxd/pkg/logger/logger.go:122.2,122.54 1 1
github.com/JohanDevl/Export_Trakt_4_Letterboxd/pkg/logger/logger.go:126.80,128.2 1 1
github.com/JohanDevl/Export_Trakt_4_Letterboxd/pkg/logger/logger.go:131.52,132.15 1 1
github.com/JohanDevl/Export_Trakt_4_Letterboxd/pkg/logger/logger.go:133.15,134.32 1 1
github.com/JohanDevl/Export_Trakt_4_Letterboxd/pkg/logger/logger.go:135.14,136.31 1 1
github.com/JohanDevl/Export_Trakt_4_Letterboxd/pkg/logger/logger.go:137.14,138.31 1 1
github.com/JohanDevl/Export_Trakt_4_Letterboxd/pkg/logger/logger.go:139.15,140.32 1 1
github.com/JohanDevl/Export_Trakt_4_Letterboxd/pkg/logger/logger.go:141.10,142.31 1 1
github.com/JohanDevl/Export_Trakt_4_Letterboxd/pkg/logger/logger.go:147.56,149.16 2 1
github.com/JohanDevl/Export_Trakt_4_Letterboxd/pkg/logger/logger.go:149.16,151.3 1 1
github.com/JohanDevl/Export_Trakt_4_Letterboxd/pkg/logger/logger.go:152.2,153.12 2 1
github.com/JohanDevl/Export_Trakt_4_Letterboxd/pkg/i18n/i18n.go:24.84,34.45 4 1
github.com/JohanDevl/Export_Trakt_4_Letterboxd/pkg/i18n/i18n.go:34.45,36.3 1 1
github.com/JohanDevl/Export_Trakt_4_Letterboxd/pkg/i18n/i18n.go:38.2,39.15 2 1
github.com/JohanDevl/Export_Trakt_4_Letterboxd/pkg/i18n/i18n.go:43.47,49.16 3 1
github.com/JohanDevl/Export_Trakt_4_Letterboxd/pkg/i18n/i18n.go:49.16,51.3 1 1
github.com/JohanDevl/Export_Trakt_4_Letterboxd/pkg/i18n/i18n.go:53.2,57.32 2 1
github.com/JohanDevl/Export_Trakt_4_Letterboxd/pkg/i18n/i18n.go:57.32,58.20 1 1
github.com/JohanDevl/Export_Trakt_4_Letterboxd/pkg/i18n/i18n.go:58.20,59.12 1 0
github.com/JohanDevl/Export_Trakt_4_Letterboxd/pkg/i18n/i18n.go:62.3,62.44 1 1
github.com/JohanDevl/Export_Trakt_4_Letterboxd/pkg/i18n/i18n.go:62.44,63.12 1 0
github.com/JohanDevl/Export_Trakt_4_Letterboxd/pkg/i18n/i18n.go:66.3,67.59 2 1
github.com/JohanDevl/Export_Trakt_4_Letterboxd/pkg/i18n/i18n.go:67.59,72.12 2 0
github.com/JohanDevl/Export_Trakt_4_Letterboxd/pkg/i18n/i18n.go:75.3,77.5 1 1
github.com/JohanDevl/Export_Trakt_4_Letterboxd/pkg/i18n/i18n.go:80.2,80.12 1 1
github.com/JohanDevl/Export_Trakt_4_Letterboxd/pkg/i18n/i18n.go:84.94,86.21 1 1
github.com/JohanDevl/Export_Trakt_4_Letterboxd/pkg/i18n/i18n.go:86.21,88.3 1 0
github.com/JohanDevl/Export_Trakt_4_Letterboxd/pkg/i18n/i18n.go:91.2,93.49 1 1
github.com/JohanDevl/Export_Trakt_4_Letterboxd/pkg/i18n/i18n.go:93.49,95.3 1 0
github.com/JohanDevl/Export_Trakt_4_Letterboxd/pkg/i18n/i18n.go:98.2,108.16 3 1
github.com/JohanDevl/Export_Trakt_4_Letterboxd/pkg/i18n/i18n.go:108.16,115.3 2 1
github.com/JohanDevl/Export_Trakt_4_Letterboxd/pkg/i18n/i18n.go:118.2,118.30 1 1
github.com/JohanDevl/Export_Trakt_4_Letterboxd/pkg/i18n/i18n.go:118.30,122.3 1 0
github.com/JohanDevl/Export_Trakt_4_Letterboxd/pkg/i18n/i18n.go:124.2,124.20 1 1
github.com/JohanDevl/Export_Trakt_4_Letterboxd/pkg/i18n/i18n.go:128.47,134.2 3 1
github.com/JohanDevl/Export_Trakt_4_Letterboxd/pkg/api/trakt.go:132.63,140.2 1 1
github.com/JohanDevl/Export_Trakt_4_Letterboxd/pkg/api/trakt.go:143.73,145.52 2 1
github.com/JohanDevl/Export_Trakt_4_Letterboxd/pkg/api/trakt.go:145.52,146.18 1 1
github.com/JohanDevl/Export_Trakt_4_Letterboxd/pkg/api/trakt.go:146.18,152.4 2 1
github.com/JohanDevl/Export_Trakt_4_Letterboxd/pkg/api/trakt.go:154.3,155.17 2 1
github.com/JohanDevl/Export_Trakt_4_Letterboxd/pkg/api/trakt.go:155.17,157.12 2 0
github.com/JohanDevl/Export_Trakt_4_Letterboxd/pkg/api/trakt.go:161.3,161.29 1 1
github.com/JohanDevl/Export_Trakt_4_Letterboxd/pkg/api/trakt.go:161.29,164.12 3 1
github.com/JohanDevl/Export_Trakt_4_Letterboxd/pkg/api/trakt.go:167.3,167.19 1 1
github.com/JohanDevl/Export_Trakt_4_Letterboxd/pkg/api/trakt.go:170.2,170.61 1 0
github.com/JohanDevl/Export_Trakt_4_Letterboxd/pkg/api/trakt.go:174.58,175.39 1 1
github.com/JohanDevl/Export_Trakt_4_Letterboxd/pkg/api/trakt.go:175.39,177.3 1 1
github.com/JohanDevl/Export_Trakt_4_Letterboxd/pkg/api/trakt.go:179.2,180.16 2 1
github.com/JohanDevl/Export_Trakt_4_Letterboxd/pkg/api/trakt.go:180.16,185.3 2 1
github.com/JohanDevl/Export_Trakt_4_Letterboxd/pkg/api/trakt.go:187.2,190.25 4 1
github.com/JohanDevl/Export_Trakt_4_Letterboxd/pkg/api/trakt.go:194.54,197.16 3 1
github.com/JohanDevl/Export_Trakt_4_Letterboxd/pkg/api/trakt.go:197.16,202.3 2 0
github.com/JohanDevl/Export_Trakt_4_Letterboxd/pkg/api/trakt.go:205.2,211.16 6 1
github.com/JohanDevl/Export_Trakt_4_Letterboxd/pkg/api/trakt.go:211.16,216.3 2 0
github.com/JohanDevl/Export_Trakt_4_Letterboxd/pkg/api/trakt.go:217.2,220.68 2 1
github.com/JohanDevl/Export_Trakt_4_Letterboxd/pkg/api/trakt.go:220.68,222.22 2 1
github.com/JohanDevl/Export_Trakt_4_Letterboxd/pkg/api/trakt.go:222.22,226.4 1 0
github.com/JohanDevl/Export_Trakt_4_Letterboxd/pkg/api/trakt.go:230.2,230.38 1 1
github.com/JohanDevl/Export_Trakt_4_Letterboxd/pkg/api/trakt.go:230.38,232.71 2 1
github.com/JohanDevl/Export_Trakt_4_Letterboxd/pkg/api/trakt.go:232.71,234.4 1 0
github.com/JohanDevl/Export_Trakt_4_Letterboxd/pkg/api/trakt.go:235.3,239.103 2 1
github.com/JohanDevl/Export_Trakt_4_Letterboxd/pkg/api/trakt.go:243.2,244.67 2 1
github.com/JohanDevl/Export_Trakt_4_Letterboxd/pkg/api/trakt.go:244.67,249.3 2 0
github.com/JohanDevl/Export_Trakt_4_Letterboxd/pkg/api/trakt.go:251.2,251.20 1 1
github.com/JohanDevl/Export_Trakt_4_Letterboxd/pkg/api/trakt.go:255.67,258.16 3 1
github.com/JohanDevl/Export_Trakt_4_Letterboxd/pkg/api/trakt.go:258.16,263.3 2 0
github.com/JohanDevl/Export_Trakt_4_Letterboxd/pkg/api/trakt.go:266.2,272.16 6 1
github.com/JohanDevl/Export_Trakt_4_Letterboxd/pkg/api/trakt.go:272.16,277.3 2 0
github.com/JohanDevl/Export_Trakt_4_Letterboxd/pkg/api/trakt.go:278.2,281.68 2 1
github.com/JohanDevl/Export_Trakt_4_Letterboxd/pkg/api/trakt.go:281.68,283.22 2 1
github.com/JohanDevl/Export_Trakt_4_Letterboxd/pkg/api/trakt.go:283.22,287.4 1 0
github.com/JohanDevl/Export_Trakt_4_Letterboxd/pkg/api/trakt.go:291.2,291.38 1 1
github.com/JohanDevl/Export_Trakt_4_Letterboxd/pkg/api/trakt.go:291.38,293.71 2 1
github.com/JohanDevl/Export_Trakt_4_Letterboxd/pkg/api/trakt.go:293.71,295.4 1 0
github.com/JohanDevl/Export_Trakt_4_Letterboxd/pkg/api/trakt.go:296.3,300.103 2 1
github.com/JohanDevl/Export_Trakt_4_Letterboxd/pkg/api/trakt.go:304.2,305.67 2 1
github.com/JohanDevl/Export_Trakt_4_Letterboxd/pkg/api/trakt.go:305.67,310.3 2 0
github.com/JohanDevl/Export_Trakt_4_Letterboxd/pkg/api/trakt.go:312.2,315.20 2 1
github.com/JohanDevl/Export_Trakt_4_Letterboxd/pkg/api/trakt.go:319.59,322.16 3 1
github.com/JohanDevl/Export_Trakt_4_Letterboxd/pkg/api/trakt.go:322.16,327.3 2 0
github.com/JohanDevl/Export_Trakt_4_Letterboxd/pkg/api/trakt.go:330.2,336.16 6 1
github.com/JohanDevl/Export_Trakt_4_Letterboxd/pkg/api/trakt.go:336.16,341.3 2 0
github.com/JohanDevl/Export_Trakt_4_Letterboxd/pkg/api/trakt.go:342.2,345.68 2 1
github.com/JohanDevl/Export_Trakt_4_Letterboxd/pkg/api/trakt.go:345.68,347.22 2 0
github.com/JohanDevl/Export_Trakt_4_Letterboxd/pkg/api/trakt.go:347.22,351.4 1 0
github.com/JohanDevl/Export_Trakt_4_Letterboxd/pkg/api/trakt.go:355.2,355.38 1 1
github.com/JohanDevl/Export_Trakt_4_Letterboxd/pkg/api/trakt.go:355.38,357.71 2 1
github.com/JohanDevl/Export_Trakt_4_Letterboxd/pkg/api/trakt.go:357.71,359.4 1 0
github.com/JohanDevl/Export_Trakt_4_Letterboxd/pkg/api/trakt.go:360.3,364.103 2 1
github.com/JohanDevl/Export_Trakt_4_Letterboxd/pkg/api/trakt.go:368.2,369.66 2 1
github.com/JohanDevl/Export_Trakt_4_Letterboxd/pkg/api/trakt.go:369.66,374.3 2 0
github.com/JohanDevl/Export_Trakt_4_Letterboxd/pkg/api/trakt.go:376.2,379.19 2 1
github.com/JohanDevl/Export_Trakt_4_Letterboxd/pkg/api/trakt.go:412.49,415.16 3 1
github.com/JohanDevl/Export_Trakt_4_Letterboxd/pkg/api/trakt.go:415.16,420.3 2 0
github.com/JohanDevl/Export_Trakt_4_Letterboxd/pkg/api/trakt.go:423.2,429.16 6 1
github.com/JohanDevl/Export_Trakt_4_Letterboxd/pkg/api/trakt.go:429.16,434.3 2 0
github.com/JohanDevl/Export_Trakt_4_Letterboxd/pkg/api/trakt.go:435.2,438.68 2 1
github.com/JohanDevl/Export_Trakt_4_Letterboxd/pkg/api/trakt.go:438.68,440.22 2 0
github.com/JohanDevl/Export_Trakt_4_Letterboxd/pkg/api/trakt.go:440.22,444.4 1 0
github.com/JohanDevl/Export_Trakt_4_Letterboxd/pkg/api/trakt.go:448.2,448.38 1 1
github.com/JohanDevl/Export_Trakt_4_Letterboxd/pkg/api/trakt.go:448.38,450.71 2 1
github.com/JohanDevl/Export_Trakt_4_Letterboxd/pkg/api/trakt.go:450.71,452.4 1 0
github.com/JohanDevl/Export_Trakt_4_Letterboxd/pkg/api/trakt.go:453.3,457.103 2 1
github.com/JohanDevl/Export_Trakt_4_Letterboxd/pkg/api/trakt.go:461.2,462.68 2 1
github.com/JohanDevl/Export_Trakt_4_Letterboxd/pkg/api/trakt.go:462.68,467.3 2 0
github.com/JohanDevl/Export_Trakt_4_Letterboxd/pkg/api/trakt.go:469.2,472.21 2 1
github.com/JohanDevl/Export_Trakt_4_Letterboxd/pkg/api/trakt.go:476.59,479.16 3 1
github.com/JohanDevl/Export_Trakt_4_Letterboxd/pkg/api/trakt.go:479.16,484.3 2 0
github.com/JohanDevl/Export_Trakt_4_Letterboxd/pkg/api/trakt.go:487.2,493.16 6 1
github.com/JohanDevl/Export_Trakt_4_Letterboxd/pkg/api/trakt.go:493.16,498.3 2 0
github.com/JohanDevl/Export_Trakt_4_Letterboxd/pkg/api/trakt.go:499.2,502.68 2 1
github.com/JohanDevl/Export_Trakt_4_Letterboxd/pkg/api/trakt.go:502.68,504.22 2 0
github.com/JohanDevl/Export_Trakt_4_Letterboxd/pkg/api/trakt.go:504.22,508.4 1 0
github.com/JohanDevl/Export_Trakt_4_Letterboxd/pkg/api/trakt.go:512.2,512.38 1 1
github.com/JohanDevl/Export_Trakt_4_Letterboxd/pkg/api/trakt.go:512.38,514.71 2 1
github.com/JohanDevl/Export_Trakt_4_Letterboxd/pkg/api/trakt.go:514.71,516.4 1 0
github.com/JohanDevl/Export_Trakt_4_Letterboxd/pkg/api/trakt.go:517.3,521.103 2 1
github.com/JohanDevl/Export_Trakt_4_Letterboxd/pkg/api/trakt.go:525.2,526.70 2 1
github.com/JohanDevl/Export_Trakt_4_Letterboxd/pkg/api/trakt.go:526.70,531.3 2 0
github.com/JohanDevl/Export_Trakt_4_Letterboxd/pkg/api/trakt.go:533.2,536.23 2 1
github.com/JohanDevl/Export_Trakt_4_Letterboxd/pkg/api/trakt.go:540.57,543.16 3 1
github.com/JohanDevl/Export_Trakt_4_Letterboxd/pkg/api/trakt.go:543.16,548.3 2 0
github.com/JohanDevl/Export_Trakt_4_Letterboxd/pkg/api/trakt.go:551.2,557.16 6 1
github.com/JohanDevl/Export_Trakt_4_Letterboxd/pkg/api/trakt.go:557.16,562.3 2 0
github.com/JohanDevl/Export_Trakt_4_Letterboxd/pkg/api/trakt.go:563.2,566.68 2 1
github.com/JohanDevl/Export_Trakt_4_Letterboxd/pkg/api/trakt.go:566.68,568.22 2 1
github.com/JohanDevl/Export_Trakt_4_Letterboxd/pkg/api/trakt.go:568.22,572.4 1 1
github.com/JohanDevl/Export_Trakt_4_Letterboxd/pkg/api/trakt.go:576.2,576.38 1 1
github.com/JohanDevl/Export_Trakt_4_Letterboxd/pkg/api/trakt.go:576.38,578.71 2 1
github.com/JohanDevl/Export_Trakt_4_Letterboxd/pkg/api/trakt.go:578.71,580.4 1 0
github.com/JohanDevl/Export_Trakt_4_Letterboxd/pkg/api/trakt.go:581.3,585.103 2 1
github.com/JohanDevl/Export_Trakt_4_Letterboxd/pkg/api/trakt.go:589.2,590.68 2 1
github.com/JohanDevl/Export_Trakt_4_Letterboxd/pkg/api/trakt.go:590.68,595.3 2 0
github.com/JohanDevl/Export_Trakt_4_Letterboxd/pkg/api/trakt.go:597.2,600.21 2 1
github.com/JohanDevl/Export_Trakt_4_Letterboxd/pkg/api/trakt.go:604.63,607.16 3 1
github.com/JohanDevl/Export_Trakt_4_Letterboxd/pkg/api/trakt.go:607.16,612.3 2 0
github.com/JohanDevl/Export_Trakt_4_Letterboxd/pkg/api/trakt.go:615.2,621.16 6 1
github.com/JohanDevl/Export_Trakt_4_Letterboxd/pkg/api/trakt.go:621.16,626.3 2 0
github.com/JohanDevl/Export_Trakt_4_Letterboxd/pkg/api/trakt.go:627.2,630.68 2 1
github.com/JohanDevl/Export_Trakt_4_Letterboxd/pkg/api/trakt.go:630.68,632.22 2 1
github.com/JohanDevl/Export_Trakt_4_Letterboxd/pkg/api/trakt.go:632.22,636.4 1 1
github.com/JohanDevl/Export_Trakt_4_Letterboxd/pkg/api/trakt.go:640.2,640.38 1 1
github.com/JohanDevl/Export_Trakt_4_Letterboxd/pkg/api/trakt.go:640.38,642.71 2 1
github.com/JohanDevl/Export_Trakt_4_Letterboxd/pkg/api/trakt.go:642.71,644.4 1 0
github.com/JohanDevl/Export_Trakt_4_Letterboxd/pkg/api/trakt.go:645.3,649.103 2 1
github.com/JohanDevl/Export_Trakt_4_Letterboxd/pkg/api/trakt.go:653.2,654.68 2 1
github.com/JohanDevl/Export_Trakt_4_Letterboxd/pkg/api/trakt.go:654.68,659.3 2 0
github.com/JohanDevl/Export_Trakt_4_Letterboxd/pkg/api/trakt.go:661.2,664.21 2 1
github.com/JohanDevl/Export_Trakt_4_Letterboxd/pkg/api/trakt.go:668.45,670.2 1 1
github.com/JohanDevl/Export_Trakt_4_Letterboxd/pkg/export/letterboxd.go:25.87,30.2 1 1
github.com/JohanDevl/Export_Trakt_4_Letterboxd/pkg/export/letterboxd.go:33.66,37.36 2 1
github.com/JohanDevl/Export_Trakt_4_Letterboxd/pkg/export/letterboxd.go:37.36,42.3 2 1
github.com/JohanDevl/Export_Trakt_4_Letterboxd/pkg/export/letterboxd.go:45.2,46.16 2 1
github.com/JohanDevl/Export_Trakt_4_Letterboxd/pkg/export/letterboxd.go:46.16,52.3 2 1
github.com/JohanDevl/Export_Trakt_4_Letterboxd/pkg/export/letterboxd.go:55.2,59.20 2 1
github.com/JohanDevl/Export_Trakt_4_Letterboxd/pkg/export/letterboxd.go:63.61,66.41 2 1
github.com/JohanDevl/Export_Trakt_4_Letterboxd/pkg/export/letterboxd.go:66.41,77.34 2 1
github.com/JohanDevl/Export_Trakt_4_Letterboxd/pkg/export/letterboxd.go:77.34,79.4 1 1
github.com/JohanDevl/Export_Trakt_4_Letterboxd/pkg/export/letterboxd.go:83.2,83.15 1 1
github.com/JohanDevl/Export_Trakt_4_Letterboxd/pkg/export/letterboxd.go:83.15,85.74 1 1
github.com/JohanDevl/Export_Trakt_4_Letterboxd/pkg/export/letterboxd.go:85.74,91.4 2 0
github.com/JohanDevl/Export_Trakt_4_Letterboxd/pkg/export/letterboxd.go:93.3,97.44 2 1
github.com/JohanDevl/Export_Trakt_4_Letterboxd/pkg/export/letterboxd.go:101.2,110.53 4 1
github.com/JohanDevl/Export_Trakt_4_Letterboxd/pkg/export/letterboxd.go:110.53,116.3 2 1
github.com/JohanDevl/Export_Trakt_4_Letterboxd/pkg/export/letterboxd.go:118.2,122.23 2 0
github.com/JohanDevl/Export_Trakt_4_Letterboxd/pkg/export/letterboxd.go:126.54,127.36 1 1
github.com/JohanDevl/Export_Trakt_4_Letterboxd/pkg/export/letterboxd.go:127.36,128.34 1 1
github.com/JohanDevl/Export_Trakt_4_Letterboxd/pkg/export/letterboxd.go:128.34,130.4 1 1
github.com/JohanDevl/Export_Trakt_4_Letterboxd/pkg/export/letterboxd.go:132.2,132.14 1 1
github.com/JohanDevl/Export_Trakt_4_Letterboxd/pkg/export/letterboxd.go:136.69,139.16 2 1
github.com/JohanDevl/Export_Trakt_4_Letterboxd/pkg/export/letterboxd.go:139.16,141.3 1 1
github.com/JohanDevl/Export_Trakt_4_Letterboxd/pkg/export/letterboxd.go:144.2,148.47 3 1
github.com/JohanDevl/Export_Trakt_4_Letterboxd/pkg/export/letterboxd.go:148.47,150.3 1 0
github.com/JohanDevl/Export_Trakt_4_Letterboxd/pkg/export/letterboxd.go:150.8,150.22 1 1
github.com/JohanDevl/Export_Trakt_4_Letterboxd/pkg/export/letterboxd.go:150.22,153.3 1 1
github.com/JohanDevl/Export_Trakt_4_Letterboxd/pkg/export/letterboxd.go:153.8,159.3 2 0
github.com/JohanDevl/Export_Trakt_4_Letterboxd/pkg/export/letterboxd.go:160.2,164.16 3 1
github.com/JohanDevl/Export_Trakt_4_Letterboxd/pkg/export/letterboxd.go:164.16,170.3 2 0
github.com/JohanDevl/Export_Trakt_4_Letterboxd/pkg/export/letterboxd.go:171.2,178.45 5 1
github.com/JohanDevl/Export_Trakt_4_Letterboxd/pkg/export/letterboxd.go:178.45,180.3 1 0
github.com/JohanDevl/Export_Trakt_4_Letterboxd/pkg/export/letterboxd.go:183.2,184.16 2 1
github.com/JohanDevl/Export_Trakt_4_Letterboxd/pkg/export/letterboxd.go:184.16,188.3 1 1
github.com/JohanDevl/Export_Trakt_4_Letterboxd/pkg/export/letterboxd.go:191.2,192.33 2 1
github.com/JohanDevl/Export_Trakt_4_Letterboxd/pkg/export/letterboxd.go:192.33,194.34 1 0
github.com/JohanDevl/Export_Trakt_4_Letterboxd/pkg/export/letterboxd.go:194.34,197.4 1 0
github.com/JohanDevl/Export_Trakt_4_Letterboxd/pkg/export/letterboxd.go:201.2,205.47 3 1
github.com/JohanDevl/Export_Trakt_4_Letterboxd/pkg/export/letterboxd.go:205.47,210.33 3 1
github.com/JohanDevl/Export_Trakt_4_Letterboxd/pkg/export/letterboxd.go:210.33,212.4 1 0
github.com/JohanDevl/Export_Trakt_4_Letterboxd/pkg/export/letterboxd.go:213.3,213.18 1 1
github.com/JohanDevl/Export_Trakt_4_Letterboxd/pkg/export/letterboxd.go:213.18,215.4 1 0
github.com/JohanDevl/Export_Trakt_4_Letterboxd/pkg/export/letterboxd.go:216.3,216.18 1 1
github.com/JohanDevl/Export_Trakt_4_Letterboxd/pkg/export/letterboxd.go:216.18,218.4 1 0
github.com/JohanDevl/Export_Trakt_4_Letterboxd/pkg/export/letterboxd.go:221.3,221.28 1 1
github.com/JohanDevl/Export_Trakt_4_Letterboxd/pkg/export/letterboxd.go:225.2,225.37 1 1
github.com/JohanDevl/Export_Trakt_4_Letterboxd/pkg/export/letterboxd.go:225.37,228.32 2 1
github.com/JohanDevl/Export_Trakt_4_Letterboxd/pkg/export/letterboxd.go:228.32,229.84 1 1
github.com/JohanDevl/Export_Trakt_4_Letterboxd/pkg/export/letterboxd.go:229.84,231.5 1 1
github.com/JohanDevl/Export_Trakt_4_Letterboxd/pkg/export/letterboxd.go:235.3,236.62 2 1
github.com/JohanDevl/Export_Trakt_4_Letterboxd/pkg/export/letterboxd.go:236.62,238.4 1 0
github.com/JohanDevl/Export_Trakt_4_Letterboxd/pkg/export/letterboxd.go:241.3,242.22 2 1
github.com/JohanDevl/Export_Trakt_4_Letterboxd/pkg/export/letterboxd.go:242.22,244.4 1 0
github.com/JohanDevl/Export_Trakt_4_Letterboxd/pkg/export/letterboxd.go:246.3,255.46 2 1
github.com/JohanDevl/Export_Trakt_4_Letterboxd/pkg/export/letterboxd.go:255.46,257.4 1 0
github.com/JohanDevl/Export_Trakt_4_Letterboxd/pkg/export/letterboxd.go:260.2,264.12 2 1
github.com/JohanDevl/Export_Trakt_4_Letterboxd/pkg/export/letterboxd.go:268.89,271.16 2 1
github.com/JohanDevl/Export_Trakt_4_Letterboxd/pkg/export/letterboxd.go:271.16,273.3 1 0
github.com/JohanDevl/Export_Trakt_4_Letterboxd/pkg/export/letterboxd.go:276.2,280.50 3 1
github.com/JohanDevl/Export_Trakt_4_Letterboxd/pkg/export/letterboxd.go:280.50,282.3 1 0
github.com/JohanDevl/Export_Trakt_4_Letterboxd/pkg/export/letterboxd.go:282.8,282.22 1 1
github.com/JohanDevl/Export_Trakt_4_Letterboxd/pkg/export/letterboxd.go:282.22,285.3 1 1
github.com/JohanDevl/Export_Trakt_4_Letterboxd/pkg/export/letterboxd.go:285.8,291.3 2 0
github.com/JohanDevl/Export_Trakt_4_Letterboxd/pkg/export/letterboxd.go:292.2,295.16 3 1
github.com/JohanDevl/Export_Trakt_4_Letterboxd/pkg/export/letterboxd.go:295.16,301.3 2 0
github.com/JohanDevl/Export_Trakt_4_Letterboxd/pkg/export/letterboxd.go:302.2,309.45 5 1
github.com/JohanDevl/Export_Trakt_4_Letterboxd/pkg/export/letterboxd.go:309.45,311.3 1 0
github.com/JohanDevl/Export_Trakt_4_Letterboxd/pkg/export/letterboxd.go:314.2,314.31 1 1
github.com/JohanDevl/Export_Trakt_4_Letterboxd/pkg/export/letterboxd.go:314.31,317.30 2 1
github.com/JohanDevl/Export_Trakt_4_Letterboxd/pkg/export/letterboxd.go:317.30,318.82 1 1
github.com/JohanDevl/Export_Trakt_4_Letterboxd/pkg/export/letterboxd.go:318.82,320.5 1 1
github.com/JohanDevl/Export_Trakt_4_Letterboxd/pkg/export/letterboxd.go:323.3,330.46 2 1
github.com/JohanDevl/Export_Trakt_4_Letterboxd/pkg/export/letterboxd.go:330.46,332.4 1 0
github.com/JohanDevl/Export_Trakt_4_Letterboxd/pkg/export/letterboxd.go:335.2,339.12 2 1
github.com/JohanDevl/Export_Trakt_4_Letterboxd/pkg/export/letterboxd.go:343.73,346.16 2 1
github.com/JohanDevl/Export_Trakt_4_Letterboxd/pkg/export/letterboxd.go:346.16,348.3 1 0
github.com/JohanDevl/Export_Trakt_4_Letterboxd/pkg/export/letterboxd.go:351.2,352.45 2 1
github.com/JohanDevl/Export_Trakt_4_Letterboxd/pkg/export/letterboxd.go:352.45,354.3 1 1
github.com/JohanDevl/Export_Trakt_4_Letterboxd/pkg/export/letterboxd.go:354.8,360.3 2 0
github.com/JohanDevl/Export_Trakt_4_Letterboxd/pkg/export/letterboxd.go:361.2,364.16 3 1
github.com/JohanDevl/Export_Trakt_4_Letterboxd/pkg/export/letterboxd.go:364.16,369.3 2 0
github.com/JohanDevl/Export_Trakt_4_Letterboxd/pkg/export/letterboxd.go:370.2,377.45 5 1
github.com/JohanDevl/Export_Trakt_4_Letterboxd/pkg/export/letterboxd.go:377.45,379.3 1 0
github.com/JohanDevl/Export_Trakt_4_Letterboxd/pkg/export/letterboxd.go:382.2,385.29 3 1
github.com/JohanDevl/Export_Trakt_4_Letterboxd/pkg/export/letterboxd.go:385.29,386.39 1 1
github.com/JohanDevl/Export_Trakt_4_Letterboxd/pkg/export/letterboxd.go:386.39,387.44 1 1
github.com/JohanDevl/Export_Trakt_4_Letterboxd/pkg/export/letterboxd.go:387.44,388.28 1 1
github.com/JohanDevl/Export_Trakt_4_Letterboxd/pkg/export/letterboxd.go:388.28,390.21 2 1
github.com/JohanDevl/Export_Trakt_4_Letterboxd/pkg/export/letterboxd.go:393.5,394.24 2 0
github.com/JohanDevl/Export_Trakt_4_Letterboxd/pkg/export/letterboxd.go:394.24,395.21 1 0
github.com/JohanDevl/Export_Trakt_4_Letterboxd/pkg/export/letterboxd.go:401.2,401.19 1 1
github.com/JohanDevl/Export_Trakt_4_Letterboxd/pkg/export/letterboxd.go:401.19,405.3 1 0
github.com/JohanDevl/Export_Trakt_4_Letterboxd/pkg/export/letterboxd.go:408.2,409.16 2 1
github.com/JohanDevl/Export_Trakt_4_Letterboxd/pkg/export/letterboxd.go:409.16,413.3 1 1
github.com/JohanDevl/Export_Trakt_4_Letterboxd/pkg/export/letterboxd.go:417.2,418.35 2 1
github.com/JohanDevl/Export_Trakt_4_Letterboxd/pkg/export/letterboxd.go:418.35,419.75 1 0
github.com/JohanDevl/Export_Trakt_4_Letterboxd/pkg/export/letterboxd.go:419.75,422.4 2 0
github.com/JohanDevl/Export_Trakt_4_Letterboxd/pkg/export/letterboxd.go:426.2,427.16 2 1
github.com/JohanDevl/Export_Trakt_4_Letterboxd/pkg/export/letterboxd.go:427.16,431.3 1 1
github.com/JohanDevl/Export_Trakt_4_Letterboxd/pkg/export/letterboxd.go:434.2,435.32 2 1
github.com/JohanDevl/Export_Trakt_4_Letterboxd/pkg/export/letterboxd.go:435.32,436.27 1 0
github.com/JohanDevl/Export_Trakt_4_Letterboxd/pkg/export/letterboxd.go:436.27,438.4 1 0
github.com/JohanDevl/Export_Trakt_4_Letterboxd/pkg/export/letterboxd.go:442.2,443.29 2 1
github.com/JohanDevl/Export_Trakt_4_Letterboxd/pkg/export/letterboxd.go:443.29,444.39 1 1
github.com/JohanDevl/Export_Trakt_4_Letterboxd/pkg/export/letterboxd.go:444.39,445.44 1 1
github.com/JohanDevl/Export_Trakt_4_Letterboxd/pkg/export/letterboxd.go:445.44,448.33 2 1
github.com/JohanDevl/Export_Trakt_4_Letterboxd/pkg/export/letterboxd.go:448.33,449.85 1 1
github.com/JohanDevl/Export_Trakt_4_Letterboxd/pkg/export/letterboxd.go:449.85,451.7 1 1
github.com/JohanDevl/Export_Trakt_4_Letterboxd/pkg/export/letterboxd.go:455.5,457.51 3 1
github.com/JohanDevl/Export_Trakt_4_Letterboxd/pkg/export/letterboxd.go:457.51,459.6 1 0
github.com/JohanDevl/Export_Trakt_4_Letterboxd/pkg/export/letterboxd.go:459.11,459.71 1 1
github.com/JohanDevl/Export_Trakt_4_Letterboxd/pkg/export/letterboxd.go:459.71,462.6 1 0
github.com/JohanDevl/Export_Trakt_4_Letterboxd/pkg/export/letterboxd.go:464.5,475.48 2 1
github.com/JohanDevl/Export_Trakt_4_Letterboxd/pkg/export/letterboxd.go:475.48,477.6 1 0
github.com/JohanDevl/Export_Trakt_4_Letterboxd/pkg/export/letterboxd.go:478.5,478.19 1 1
github.com/JohanDevl/Export_Trakt_4_Letterboxd/pkg/export/letterboxd.go:483.2,488.12 2 1
github.com/JohanDevl/Export_Trakt_4_Letterboxd/pkg/export/letterboxd.go:492.72,495.16 2 1
github.com/JohanDevl/Export_Trakt_4_Letterboxd/pkg/export/letterboxd.go:495.16,497.3 1 0
github.com/JohanDevl/Export_Trakt_4_Letterboxd/pkg/export/letterboxd.go:500.2,504.47 3 1
github.com/JohanDevl/Export_Trakt_4_Letterboxd/pkg/export/letterboxd.go:504.47,506.3 1 0
github.com/JohanDevl/Export_Trakt_4_Letterboxd/pkg/export/letterboxd.go:506.8,506.22 1 1
github.com/JohanDevl/Export_Trakt_4_Letterboxd/pkg/export/letterboxd.go:506.22,509.3 1 1
github.com/JohanDevl/Export_Trakt_4_Letterboxd/pkg/export/letterboxd.go:509.8,515.3 2 0
github.com/JohanDevl/Export_Trakt_4_Letterboxd/pkg/export/letterboxd.go:516.2,519.16 3 1
github.com/JohanDevl/Export_Trakt_4_Letterboxd/pkg/export/letterboxd.go:519.16,525.3 2 0
github.com/JohanDevl/Export_Trakt_4_Letterboxd/pkg/export/letterboxd.go:526.2,533.45 5 1
github.com/JohanDevl/Export_Trakt_4_Letterboxd/pkg/export/letterboxd.go:533.45,535.3 1 0
github.com/JohanDevl/Export_Trakt_4_Letterboxd/pkg/export/letterboxd.go:538.2,538.28 1 1
github.com/JohanDevl/Export_Trakt_4_Letterboxd/pkg/export/letterboxd.go:538.28,541.22 2 1
github.com/JohanDevl/Export_Trakt_4_Letterboxd/pkg/export/letterboxd.go:541.22,542.74 1 1
github.com/JohanDevl/Export_Trakt_4_Letterboxd/pkg/export/letterboxd.go:542.74,544.5 1 1
github.com/JohanDevl/Export_Trakt_4_Letterboxd/pkg/export/letterboxd.go:548.3,549.19 2 1
github.com/JohanDevl/Export_Trakt_4_Letterboxd/pkg/export/letterboxd.go:549.19,551.4 1 1
github.com/JohanDevl/Export_Trakt_4_Letterboxd/pkg/export/letterboxd.go:553.3,561.46 2 1
github.com/JohanDevl/Export_Trakt_4_Letterboxd/pkg/export/letterboxd.go:561.46,563.4 1 0
github.com/JohanDevl/Export_Trakt_4_Letterboxd/pkg/export/letterboxd.go:566.2,570.12 2 1
github.com/JohanDevl/Export_Trakt_4_Letterboxd/pkg/export/letterboxd.go:574.84,577.16 2 1
github.com/JohanDevl/Export_Trakt_4_Letterboxd/pkg/export/letterboxd.go:577.16,579.3 1 0
github.com/JohanDevl/Export_Trakt_4_Letterboxd/pkg/export/letterboxd.go:582.2,586.49 3 1
github.com/JohanDevl/Export_Trakt_4_Letterboxd/pkg/export/letterboxd.go:586.49,588.3 1 0
github.com/JohanDevl/Export_Trakt_4_Letterboxd/pkg/export/letterboxd.go:588.8,588.22 1 1
github.com/JohanDevl/Export_Trakt_4_Letterboxd/pkg/export/letterboxd.go:588.22,591.3 1 1
github.com/JohanDevl/Export_Trakt_4_Letterboxd/pkg/export/letterboxd.go:591.8,597.3 2 0
github.com/JohanDevl/Export_Trakt_4_Letterboxd/pkg/export/letterboxd.go:598.2,601.16 3 1
github.com/JohanDevl/Export_Trakt_4_Letterboxd/pkg/export/letterboxd.go:601.16,607.3 2 0
github.com/JohanDevl/Export_Trakt_4_Letterboxd/pkg/export/letterboxd.go:608.2,615.45 5 1
github.com/JohanDevl/Export_Trakt_4_Letterboxd/pkg/export/letterboxd.go:615.45,617.3 1 0
github.com/JohanDevl/Export_Trakt_4_Letterboxd/pkg/export/letterboxd.go:620.2,620.31 1 1
github.com/JohanDevl/Export_Trakt_4_Letterboxd/pkg/export/letterboxd.go:620.31,623.24 2 1
github.com/JohanDevl/Export_Trakt_4_Letterboxd/pkg/export/letterboxd.go:623.24,624.76 1 1
github.com/JohanDevl/Export_Trakt_4_Letterboxd/pkg/export/letterboxd.go:624.76,626.5 1 1
github.com/JohanDevl/Export_Trakt_4_Letterboxd/pkg/export/letterboxd.go:629.3,637.46 2 1
github.com/JohanDevl/Export_Trakt_4_Letterboxd/pkg/export/letterboxd.go:637.46,639.4 1 0
github.com/JohanDevl/Export_Trakt_4_Letterboxd/pkg/export/letterboxd.go:642.2,646.12 2 1
github.com/JohanDevl/Export_Trakt_4_Letterboxd/pkg/export/letterboxd.go:652.101,655.16 2 1
github.com/JohanDevl/Export_Trakt_4_Letterboxd/pkg/export/letterboxd.go:655.16,657.3 1 0
github.com/JohanDevl/Export_Trakt_4_Letterboxd/pkg/export/letterboxd.go:660.2,664.56 3 1
github.com/JohanDevl/Export_Trakt_4_Letterboxd/pkg/export/letterboxd.go:664.56,666.3 1 0
github.com/JohanDevl/Export_Trakt_4_Letterboxd/pkg/export/letterboxd.go:666.8,666.22 1 1
github.com/JohanDevl/Export_Trakt_4_Letterboxd/pkg/export/letterboxd.go:666.22,669.3 1 1
github.com/JohanDevl/Export_Trakt_4_Letterboxd/pkg/export/letterboxd.go:669.8,671.3 1 0
github.com/JohanDevl/Export_Trakt_4_Letterboxd/pkg/export/letterboxd.go:672.2,675.16 3 1
github.com/JohanDevl/Export_Trakt_4_Letterboxd/pkg/export/letterboxd.go:675.16,681.3 2 0
github.com/JohanDevl/Export_Trakt_4_Letterboxd/pkg/export/letterboxd.go:682.2,689.45 5 1
github.com/JohanDevl/Export_Trakt_4_Letterboxd/pkg/export/letterboxd.go:689.45,691.3 1 0
github.com/JohanDevl/Export_Trakt_4_Letterboxd/pkg/export/letterboxd.go:694.2,695.33 2 1
github.com/JohanDevl/Export_Trakt_4_Letterboxd/pkg/export/letterboxd.go:695.33,697.34 1 1
github.com/JohanDevl/Export_Trakt_4_Letterboxd/pkg/export/letterboxd.go:697.34,699.4 1 1
github.com/JohanDevl/Export_Trakt_4_Letterboxd/pkg/export/letterboxd.go:703.2,704.31 2 1
github.com/JohanDevl/Export_Trakt_4_Letterboxd/pkg/export/letterboxd.go:704.31,705.33 1 1
github.com/JohanDevl/Export_Trakt_4_Letterboxd/pkg/export/letterboxd.go:705.33,707.4 1 1
github.com/JohanDevl/Export_Trakt_4_Letterboxd/pkg/export/letterboxd.go:711.2,711.31 1 1
github.com/JohanDevl/Export_Trakt_4_Letterboxd/pkg/export/letterboxd.go:711.31,714.32 2 1
github.com/JohanDevl/Export_Trakt_4_Letterboxd/pkg/export/letterboxd.go:714.32,715.84 1 1
github.com/JohanDevl/Export_Trakt_4_Letterboxd/pkg/export/letterboxd.go:715.84,717.5 1 1
github.com/JohanDevl/Export_Trakt_4_Letterboxd/pkg/export/letterboxd.go:721.3,722.62 2 1
github.com/JohanDevl/Export_Trakt_4_Letterboxd/pkg/export/letterboxd.go:722.62,724.4 1 1
github.com/JohanDevl/Export_Trakt_4_Letterboxd/pkg/export/letterboxd.go:727.3,728.22 2 1
github.com/JohanDevl/Export_Trakt_4_Letterboxd/pkg/export/letterboxd.go:728.22,730.4 1 1
github.com/JohanDevl/Export_Trakt_4_Letterboxd/pkg/export/letterboxd.go:733.3,745.46 3 1
github.com/JohanDevl/Export_Trakt_4_Letterboxd/pkg/export/letterboxd.go:745.46,747.4 1 0
github.com/JohanDevl/Export_Trakt_4_Letterboxd/pkg/export/letterboxd.go:750.2,754.12 2 1
github.com/JohanDevl/Export_Trakt_4_Letterboxd/pkg/export/letterboxd.go:758.67,762.2 2 1
github.com/JohanDevl/Export_Trakt_4_Letterboxd/pkg/export/letterboxd.go:765.75,769.2 2 1
github.com/JohanDevl/Export_Trakt_4_Letterboxd/pkg/export/letterboxd.go:772.81,776.2 2 1
